\BOOKMARK [0][-]{chapter.1}{\376\377\000P\000r\000o\000j\000e\000c\000t\000\040\000O\000v\000e\000r\000v\000i\000e\000w}{}% 1
\BOOKMARK [1][-]{section.1.1}{\376\377\000G\000o\000a\000l}{chapter.1}% 2
\BOOKMARK [1][-]{section.1.2}{\376\377\000R\000e\000p\000o\000s\000i\000t\000o\000r\000y\000\040\000S\000t\000r\000u\000c\000t\000u\000r\000e\000\040\000\050\000H\000i\000g\000h\000-\000L\000e\000v\000e\000l\000\051}{chapter.1}% 3
\BOOKMARK [1][-]{section.1.3}{\376\377\000I\000m\000p\000l\000e\000m\000e\000n\000t\000a\000t\000i\000o\000n\000\040\000N\000o\000t\000e\000s\000\040\000T\000h\000a\000t\000\040\000M\000a\000t\000t\000e\000r\000\040\000F\000o\000r\000\040\000C\000o\000n\000s\000i\000s\000t\000e\000n\000c\000y\000\040\000C\000h\000e\000c\000k\000s}{chapter.1}% 4
\BOOKMARK [0][-]{chapter.2}{\376\377\000E\000v\000a\000l\000u\000a\000t\000i\000o\000n\000\040\000C\000r\000i\000t\000e\000r\000i\000a\000\040\000M\000a\000p\000p\000i\000n\000g\000\040\000\050\000W\000h\000a\000t\000\040\000W\000a\000s\000\040\000R\000e\000q\000u\000i\000r\000e\000d\000\040\000v\000s\000\040\000W\000h\000a\000t\000\040\000W\000e\000\040\000B\000u\000i\000l\000t\000\051}{}% 5
\BOOKMARK [1][-]{section.2.1}{\376\377\000G\000l\000o\000b\000a\000l\000\040\000E\000v\000a\000l\000u\000a\000t\000i\000o\000n\000\040\000E\000x\000p\000e\000c\000t\000a\000t\000i\000o\000n\000s}{chapter.2}% 6
\BOOKMARK [2][-]{subsection.2.1.1}{\376\377\0001\000\051\000\040\000M\000e\000e\000t\000\040\000t\000h\000e\000\040\000d\000o\000c\000u\000m\000e\000n\000t\000e\000d\000\040\000r\000e\000q\000u\000i\000r\000e\000m\000e\000n\000t\000s}{section.2.1}% 7
\BOOKMARK [2][-]{subsection.2.1.2}{\376\377\0002\000\051\000\040\000C\000l\000e\000a\000n\000\040\000a\000n\000d\000\040\000m\000a\000i\000n\000t\000a\000i\000n\000a\000b\000l\000e\000\040\000c\000o\000d\000e\000\040\000\050\000s\000o\000f\000t\000w\000a\000r\000e\000\040\000e\000n\000g\000i\000n\000e\000e\000r\000i\000n\000g\000\040\000p\000r\000i\000n\000c\000i\000p\000l\000e\000s\000\051}{section.2.1}% 8
\BOOKMARK [2][-]{subsection.2.1.3}{\376\377\0003\000\051\000\040\000C\000o\000m\000m\000i\000t\000\040\000f\000r\000e\000q\000u\000e\000n\000c\000y\000\040\000r\000e\000q\000u\000i\000r\000e\000m\000e\000n\000t\000\040\000\050\000m\000i\000n\000i\000m\000u\000m\000\040\0001\0005\000\040\000c\000o\000m\000m\000i\000t\000s\000\040\000p\000e\000r\000\040\000c\000h\000e\000c\000k\000p\000o\000i\000n\000t\000\051}{section.2.1}% 9
\BOOKMARK [1][-]{section.2.2}{\376\377\000C\000h\000e\000c\000k\000p\000o\000i\000n\000t\000\040\0001\000\040\000\050\000B\000a\000c\000k\000e\000n\000d\000-\000F\000o\000c\000u\000s\000e\000d\000\051\000\040\000R\000e\000q\000u\000i\000r\000e\000m\000e\000n\000t\000s}{chapter.2}% 10
\BOOKMARK [1][-]{section.2.3}{\376\377\000C\000h\000e\000c\000k\000p\000o\000i\000n\000t\000\040\0002\000\040\000\050\000F\000r\000o\000n\000t\000e\000n\000d\000-\000F\000o\000c\000u\000s\000e\000d\000\051\000\040\000R\000e\000q\000u\000i\000r\000e\000m\000e\000n\000t\000s}{chapter.2}% 11
\BOOKMARK [0][-]{chapter.3}{\376\377\000T\000e\000a\000m\000\040\000R\000e\000s\000p\000o\000n\000s\000i\000b\000i\000l\000i\000t\000i\000e\000s}{}% 12
\BOOKMARK [1][-]{section.3.1}{\376\377\000M\000o\000h\000a\000m\000m\000a\000d\000\040\000M\000a\000h\000d\000i\000\040\000F\000a\000r\000h\000a\000d\000i\000\040\000\050\0009\0009\0001\0000\0005\0006\0003\0004\000\051}{chapter.3}% 13
\BOOKMARK [1][-]{section.3.2}{\376\377\000K\000i\000a\000r\000a\000s\000h\000\040\000J\000o\000o\000l\000a\000e\000i\000\040\000\050\0004\0000\0000\0001\0000\0000\0009\0004\0009\000\051}{chapter.3}% 14
\BOOKMARK [1][-]{section.3.3}{\376\377\000S\000h\000a\000r\000e\000d\000\040\000R\000e\000s\000p\000o\000n\000s\000i\000b\000i\000l\000i\000t\000i\000e\000s}{chapter.3}% 15
\BOOKMARK [0][-]{chapter.4}{\376\377\000P\000r\000o\000j\000e\000c\000t\000\040\000M\000a\000n\000a\000g\000e\000m\000e\000n\000t\000\040\000A\000p\000p\000r\000o\000a\000c\000h}{}% 16
\BOOKMARK [1][-]{section.4.1}{\376\377\000T\000a\000s\000k\000\040\000C\000r\000e\000a\000t\000i\000o\000n}{chapter.4}% 17
\BOOKMARK [1][-]{section.4.2}{\376\377\000T\000a\000s\000k\000\040\000D\000i\000s\000t\000r\000i\000b\000u\000t\000i\000o\000n}{chapter.4}% 18
\BOOKMARK [1][-]{section.4.3}{\376\377\000I\000t\000e\000r\000a\000t\000i\000o\000n\000\040\000a\000n\000d\000\040\000A\000c\000c\000e\000p\000t\000a\000n\000c\000e}{chapter.4}% 19
\BOOKMARK [0][-]{chapter.5}{\376\377\000D\000e\000v\000e\000l\000o\000p\000m\000e\000n\000t\000\040\000C\000o\000n\000v\000e\000n\000t\000i\000o\000n\000s}{}% 20
\BOOKMARK [1][-]{section.5.1}{\376\377\000C\000o\000m\000m\000i\000t\000\040\000M\000e\000s\000s\000a\000g\000e\000\040\000F\000o\000r\000m\000a\000t}{chapter.5}% 21
\BOOKMARK [1][-]{section.5.2}{\376\377\000N\000a\000m\000i\000n\000g\000\040\000a\000n\000d\000\040\000C\000o\000d\000e\000\040\000O\000r\000g\000a\000n\000i\000z\000a\000t\000i\000o\000n}{chapter.5}% 22
\BOOKMARK [1][-]{section.5.3}{\376\377\000E\000r\000r\000o\000r\000\040\000H\000a\000n\000d\000l\000i\000n\000g\000\040\000a\000n\000d\000\040\000A\000P\000I\000\040\000E\000n\000v\000e\000l\000o\000p\000e}{chapter.5}% 23
\BOOKMARK [1][-]{section.5.4}{\376\377\000D\000o\000c\000u\000m\000e\000n\000t\000a\000t\000i\000o\000n\000\040\000C\000o\000n\000v\000e\000n\000t\000i\000o\000n\000\040\000\050\000S\000w\000a\000g\000g\000e\000r\000\040\000/\000\040\000O\000p\000e\000n\000A\000P\000I\000\051}{chapter.5}% 24
\BOOKMARK [0][-]{chapter.6}{\376\377\000D\000e\000v\000e\000l\000o\000p\000m\000e\000n\000t\000\040\000F\000l\000o\000w\000\040\000S\000u\000m\000m\000a\000r\000y\000\040\000\050\000W\000h\000a\000t\000\040\000C\000h\000a\000n\000g\000e\000d\000\040\000a\000n\000d\000\040\000W\000h\000y\000\051}{}% 25
\BOOKMARK [1][-]{section.6.1}{\376\377\000F\000i\000x\000i\000n\000g\000\040\000a\000\040\000F\000r\000o\000n\000t\000e\000n\000d\000\040\000H\000o\000m\000e\000p\000a\000g\000e\000\040\000E\000r\000r\000o\000r\000\040\000\050\000P\000u\000b\000l\000i\000c\000\040\000S\000t\000a\000t\000s\000\051}{chapter.6}% 26
\BOOKMARK [1][-]{section.6.2}{\376\377\000S\000w\000a\000g\000g\000e\000r\000\040\000/\000\040\000O\000p\000e\000n\000A\000P\000I\000\040\000D\000o\000c\000u\000m\000e\000n\000t\000a\000t\000i\000o\000n\000\040\000I\000m\000p\000r\000o\000v\000e\000m\000e\000n\000t\000s}{chapter.6}% 27
\BOOKMARK [1][-]{section.6.3}{\376\377\000D\000o\000c\000k\000e\000r\000\040\000a\000n\000d\000\040\000R\000u\000n\000t\000i\000m\000e\000\040\000V\000e\000r\000i\000f\000i\000c\000a\000t\000i\000o\000n}{chapter.6}% 28
\BOOKMARK [1][-]{section.6.4}{\376\377\000T\000e\000s\000t\000s\000\040\000a\000n\000d\000\040\000Q\000u\000a\000l\000i\000t\000y\000\040\000G\000a\000t\000e\000s}{chapter.6}% 29
\BOOKMARK [0][-]{chapter.7}{\376\377\000K\000e\000y\000\040\000S\000y\000s\000t\000e\000m\000\040\000E\000n\000t\000i\000t\000i\000e\000s\000\040\000\050\000A\000n\000d\000\040\000W\000h\000y\000\040\000T\000h\000e\000y\000\040\000E\000x\000i\000s\000t\000\051}{}% 30
\BOOKMARK [1][-]{section.7.1}{\376\377\000I\000d\000e\000n\000t\000i\000t\000y\000,\000\040\000R\000o\000l\000e\000s\000,\000\040\000a\000n\000d\000\040\000A\000c\000c\000e\000s\000s}{chapter.7}% 31
\BOOKMARK [1][-]{section.7.2}{\376\377\000C\000a\000s\000e\000\040\000F\000o\000r\000m\000a\000t\000i\000o\000n\000\040\000a\000n\000d\000\040\000C\000a\000s\000e\000\040\000L\000i\000f\000e\000c\000y\000c\000l\000e}{chapter.7}% 32
\BOOKMARK [1][-]{section.7.3}{\376\377\000E\000v\000i\000d\000e\000n\000c\000e}{chapter.7}% 33
\BOOKMARK [1][-]{section.7.4}{\376\377\000D\000e\000t\000e\000c\000t\000i\000v\000e\000\040\000R\000e\000a\000s\000o\000n\000i\000n\000g}{chapter.7}% 34
\BOOKMARK [1][-]{section.7.5}{\376\377\000S\000u\000s\000p\000e\000c\000t\000s\000,\000\040\000W\000a\000n\000t\000e\000d\000\040\000S\000t\000a\000t\000u\000s\000,\000\040\000a\000n\000d\000\040\000R\000a\000n\000k\000i\000n\000g}{chapter.7}% 35
\BOOKMARK [1][-]{section.7.6}{\376\377\000I\000n\000t\000e\000r\000r\000o\000g\000a\000t\000i\000o\000n\000\040\000a\000n\000d\000\040\000T\000r\000i\000a\000l}{chapter.7}% 36
\BOOKMARK [1][-]{section.7.7}{\376\377\000T\000i\000p\000s\000\040\000/\000\040\000R\000e\000w\000a\000r\000d\000s\000,\000\040\000P\000a\000y\000m\000e\000n\000t\000s\000,\000\040\000N\000o\000t\000i\000f\000i\000c\000a\000t\000i\000o\000n\000s}{chapter.7}% 37
\BOOKMARK [0][-]{chapter.8}{\376\377\000N\000P\000M\000\040\000P\000a\000c\000k\000a\000g\000e\000s\000\040\000U\000s\000e\000d\000\040\000\050\000U\000p\000\040\000t\000o\000\040\0006\000\051}{}% 38
\BOOKMARK [1][-]{section.8.1}{\376\377\0001\000\051\000\040\000r\000e\000a\000c\000t\000-\000r\000o\000u\000t\000e\000r\000-\000d\000o\000m}{chapter.8}% 39
\BOOKMARK [1][-]{section.8.2}{\376\377\0002\000\051\000\040\000@\000t\000a\000n\000s\000t\000a\000c\000k\000/\000r\000e\000a\000c\000t\000-\000q\000u\000e\000r\000y}{chapter.8}% 40
\BOOKMARK [1][-]{section.8.3}{\376\377\0003\000\051\000\040\000a\000x\000i\000o\000s}{chapter.8}% 41
\BOOKMARK [1][-]{section.8.4}{\376\377\0004\000\051\000\040\000z\000u\000s\000t\000a\000n\000d}{chapter.8}% 42
\BOOKMARK [1][-]{section.8.5}{\376\377\0005\000\051\000\040\000r\000e\000a\000c\000t\000-\000h\000o\000o\000k\000-\000f\000o\000r\000m\000\040\000\050\000p\000l\000u\000s\000\040\000@\000h\000o\000o\000k\000f\000o\000r\000m\000/\000r\000e\000s\000o\000l\000v\000e\000r\000s\000\040\000+\000\040\000z\000o\000d\000\051}{chapter.8}% 43
\BOOKMARK [1][-]{section.8.6}{\376\377\0006\000\051\000\040\000r\000e\000a\000c\000t\000f\000l\000o\000w}{chapter.8}% 44
\BOOKMARK [0][-]{chapter.9}{\376\377\000A\000I\000\040\000U\000s\000a\000g\000e\000\040\000\050\000E\000x\000a\000m\000p\000l\000e\000s\000\040\000a\000n\000d\000\040\000E\000v\000a\000l\000u\000a\000t\000i\000o\000n\000\051}{}% 45
\BOOKMARK [1][-]{section.9.1}{\376\377\000E\000x\000a\000m\000p\000l\000e\000s\000\040\000o\000f\000\040\000A\000I\000-\000G\000e\000n\000e\000r\000a\000t\000e\000d\000\040\000\050\000A\000I\000-\000A\000s\000s\000i\000s\000t\000e\000d\000\051\000\040\000C\000o\000d\000e\000\040\000I\000n\000\040\000T\000h\000i\000s\000\040\000R\000e\000p\000o\000s\000i\000t\000o\000r\000y}{chapter.9}% 46
\BOOKMARK [2][-]{subsection.9.1.1}{\376\377\000E\000x\000a\000m\000p\000l\000e\000\040\0001\000:\000\040\000P\000u\000b\000l\000i\000c\000\040\000h\000o\000m\000e\000p\000a\000g\000e\000\040\000s\000t\000a\000t\000s\000\040\000f\000i\000x\000\040\000+\000\040\000d\000o\000c\000u\000m\000e\000n\000t\000a\000t\000i\000o\000n}{section.9.1}% 47
\BOOKMARK [2][-]{subsection.9.1.2}{\376\377\000E\000x\000a\000m\000p\000l\000e\000\040\0002\000:\000\040\000D\000o\000m\000a\000i\000n\000-\000s\000p\000e\000c\000i\000f\000i\000c\000\040\000O\000p\000e\000n\000A\000P\000I\000\040\000e\000x\000a\000m\000p\000l\000e\000\040\000s\000y\000s\000t\000e\000m}{section.9.1}% 48
\BOOKMARK [2][-]{subsection.9.1.3}{\376\377\000E\000x\000a\000m\000p\000l\000e\000\040\0003\000:\000\040\000S\000c\000h\000e\000m\000a\000\040\000r\000e\000g\000r\000e\000s\000s\000i\000o\000n\000\040\000t\000e\000s\000t\000s\000\040\000t\000o\000\040\000p\000r\000e\000v\000e\000n\000t\000\040\000d\000o\000c\000u\000m\000e\000n\000t\000a\000t\000i\000o\000n\000\040\000d\000r\000i\000f\000t}{section.9.1}% 49
\BOOKMARK [1][-]{section.9.2}{\376\377\000S\000t\000r\000e\000n\000g\000t\000h\000s\000\040\000a\000n\000d\000\040\000W\000e\000a\000k\000n\000e\000s\000s\000e\000s\000\040\000o\000f\000\040\000A\000I\000\040\000i\000n\000\040\000F\000r\000o\000n\000t\000-\000E\000n\000d\000\040\000D\000e\000v\000e\000l\000o\000p\000m\000e\000n\000t\000\040\000\050\000O\000b\000s\000e\000r\000v\000e\000d\000\051}{chapter.9}% 50
\BOOKMARK [1][-]{section.9.3}{\376\377\000S\000t\000r\000e\000n\000g\000t\000h\000s\000\040\000a\000n\000d\000\040\000W\000e\000a\000k\000n\000e\000s\000s\000e\000s\000\040\000o\000f\000\040\000A\000I\000\040\000i\000n\000\040\000B\000a\000c\000k\000-\000E\000n\000d\000\040\000D\000e\000v\000e\000l\000o\000p\000m\000e\000n\000t\000\040\000\050\000O\000b\000s\000e\000r\000v\000e\000d\000\051}{chapter.9}% 51
\BOOKMARK [0][-]{chapter.10}{\376\377\000R\000e\000q\000u\000i\000r\000e\000m\000e\000n\000t\000\040\000A\000n\000a\000l\000y\000s\000i\000s\000\040\000\050\000I\000n\000i\000t\000i\000a\000l\000\040\000v\000s\000\040\000F\000i\000n\000a\000l\000\051}{}% 52
\BOOKMARK [1][-]{section.10.1}{\376\377\000I\000n\000i\000t\000i\000a\000l\000\040\000R\000e\000q\000u\000i\000r\000e\000m\000e\000n\000t\000\040\000A\000n\000a\000l\000y\000s\000i\000s\000\040\000\050\000W\000h\000a\000t\000\040\000W\000e\000\040\000A\000s\000s\000u\000m\000e\000d\000\040\000E\000a\000r\000l\000y\000\051}{chapter.10}% 53
\BOOKMARK [1][-]{section.10.2}{\376\377\000F\000i\000n\000a\000l\000\040\000R\000e\000q\000u\000i\000r\000e\000m\000e\000n\000t\000\040\000A\000n\000a\000l\000y\000s\000i\000s\000\040\000\050\000W\000h\000a\000t\000\040\000T\000h\000e\000\040\000C\000o\000d\000e\000\040\000N\000o\000w\000\040\000E\000n\000f\000o\000r\000c\000e\000s\000\051}{chapter.10}% 54
\BOOKMARK [2][-]{subsection.10.2.1}{\376\377\0001\000\051\000\040\000P\000u\000b\000l\000i\000c\000\040\000v\000s\000\040\000P\000r\000i\000v\000a\000t\000e\000\040\000E\000n\000d\000p\000o\000i\000n\000t\000s}{section.10.2}% 55
\BOOKMARK [2][-]{subsection.10.2.2}{\376\377\0002\000\051\000\040\000C\000a\000s\000e\000-\000S\000c\000o\000p\000e\000d\000\040\000A\000c\000c\000e\000s\000s\000\040\000a\000n\000d\000\040\000O\000w\000n\000e\000r\000s\000h\000i\000p}{section.10.2}% 56
\BOOKMARK [2][-]{subsection.10.2.3}{\376\377\0003\000\051\000\040\000E\000v\000i\000d\000e\000n\000c\000e\000\040\000T\000y\000p\000e\000\040\000R\000u\000l\000e\000s\000\040\000a\000n\000d\000\040\000V\000a\000l\000i\000d\000a\000t\000i\000o\000n\000s}{section.10.2}% 57
\BOOKMARK [2][-]{subsection.10.2.4}{\376\377\0004\000\051\000\040\000M\000o\000s\000t\000-\000W\000a\000n\000t\000e\000d\000\040\000R\000a\000n\000k\000i\000n\000g\000\040\000a\000n\000d\000\040\000R\000e\000w\000a\000r\000d\000\040\000F\000o\000r\000m\000u\000l\000a}{section.10.2}% 58
\BOOKMARK [2][-]{subsection.10.2.5}{\376\377\0005\000\051\000\040\000S\000w\000a\000g\000g\000e\000r\000\040\000D\000o\000c\000u\000m\000e\000n\000t\000a\000t\000i\000o\000n\000\040\000Q\000u\000a\000l\000i\000t\000y\000\040\000A\000s\000\040\000A\000\040\000R\000e\000q\000u\000i\000r\000e\000m\000e\000n\000t}{section.10.2}% 59
